<?xml version="1.0" encoding="UTF-8"?>
<!-- Generated by org.testng.reporters.JUnitReportReporter -->
<testsuite skipped="0" hostname="TK-IN-PC" name="com.qa.hubSpot.tests.LoginPageTest" tests="2" failures="0" timestamp="2020-06-02T16:36:04 IST" time="103.058" errors="0">
  <testcase name="verifyLoginPageTite" time="52.399" classname="com.qa.hubSpot.tests.LoginPageTest"/>
  <system-out/>
  <testcase name="loginTest" time="50.659" classname="com.qa.hubSpot.tests.LoginPageTest"/>
  <system-out/>
</testsuite> <!-- com.qa.hubSpot.tests.LoginPageTest -->
